2019-05-16 11:33:18.405  INFO 13932 --- [main] d.s.b.c.e.WelcomeLogoApplicationListener : 

 :: Dubbo Spring Boot (v2.7.0) : https://github.com/apache/incubator-dubbo-spring-boot-project
 :: Dubbo (v2.7.0) : https://github.com/apache/incubator-dubbo
 :: Discuss group : dev@dubbo.apache.org

2019-05-16 11:33:18.409  INFO 13932 --- [main] e.OverrideDubboConfigApplicationListener : Dubbo Config was overridden by externalized configuration {dubbo.application.id=dubbo-consumer, dubbo.application.name=dubbo-consumer, dubbo.application.qos-enable=false, dubbo.config.multiple=true, dubbo.protocol.name=dubbo, dubbo.protocol.port=20880, dubbo.registry.address=zookeeper://127.0.0.1:2181, dubbo.scan.base-packages=com.haide.core.dubbo, dubbo.server=true}
2019-05-16 11:33:18.468  INFO 13932 --- [main] c.l.d.provider.DubboProviderApplication  : Starting DubboProviderApplication on DESKTOP-MISN0NE with PID 13932 (F:\ROOT_GIT\dubbo-template\dubbo-provider\target\classes started by dell in F:\ROOT_GIT\dubbo-template)
2019-05-16 11:33:18.468  INFO 13932 --- [main] c.l.d.provider.DubboProviderApplication  : The following profiles are active: default
2019-05-16 11:33:18.702  INFO 13932 --- [main] .a.d.c.s.c.a.DubboConfigBindingRegistrar : The dubbo config bean definition [name : dubbo-consumer, class : org.apache.dubbo.config.ApplicationConfig] has been registered.
2019-05-16 11:33:18.703  INFO 13932 --- [main] .a.d.c.s.c.a.DubboConfigBindingRegistrar : The BeanPostProcessor bean definition [org.apache.dubbo.config.spring.beans.factory.annotation.DubboConfigBindingBeanPostProcessor] for dubbo config bean [name : dubbo-consumer] has been registered.
2019-05-16 11:33:18.703  INFO 13932 --- [main] .a.d.c.s.c.a.DubboConfigBindingRegistrar : The dubbo config bean definition [name : org.apache.dubbo.config.RegistryConfig#0, class : org.apache.dubbo.config.RegistryConfig] has been registered.
2019-05-16 11:33:18.704  INFO 13932 --- [main] .a.d.c.s.c.a.DubboConfigBindingRegistrar : The BeanPostProcessor bean definition [org.apache.dubbo.config.spring.beans.factory.annotation.DubboConfigBindingBeanPostProcessor] for dubbo config bean [name : org.apache.dubbo.config.RegistryConfig#0] has been registered.
2019-05-16 11:33:18.704  INFO 13932 --- [main] .a.d.c.s.c.a.DubboConfigBindingRegistrar : The dubbo config bean definition [name : org.apache.dubbo.config.ProtocolConfig#0, class : org.apache.dubbo.config.ProtocolConfig] has been registered.
2019-05-16 11:33:18.705  INFO 13932 --- [main] .a.d.c.s.c.a.DubboConfigBindingRegistrar : The BeanPostProcessor bean definition [org.apache.dubbo.config.spring.beans.factory.annotation.DubboConfigBindingBeanPostProcessor] for dubbo config bean [name : org.apache.dubbo.config.ProtocolConfig#0] has been registered.
2019-05-16 11:33:18.720  INFO 13932 --- [main] o.s.c.a.ConfigurationClassPostProcessor  : Cannot enhance @Configuration bean definition 'org.apache.dubbo.spring.boot.autoconfigure.DubboRelaxedBinding2AutoConfiguration' since its singleton instance has been created too early. The typical cause is a non-static @Bean method with a BeanDefinitionRegistryPostProcessor return type: Consider declaring such methods as 'static'.
2019-05-16 11:33:18.721  INFO 13932 --- [main] o.s.c.a.ConfigurationClassPostProcessor  : Cannot enhance @Configuration bean definition 'org.apache.dubbo.spring.boot.autoconfigure.DubboAutoConfiguration' since its singleton instance has been created too early. The typical cause is a non-static @Bean method with a BeanDefinitionRegistryPostProcessor return type: Consider declaring such methods as 'static'.
2019-05-16 11:33:18.807  INFO 13932 --- [main] trationDelegate$BeanPostProcessorChecker : Bean 'relaxedDubboConfigBinder' of type [org.apache.dubbo.spring.boot.autoconfigure.BinderDubboConfigBinder] is not eligible for getting processed by all BeanPostProcessors (for example: not eligible for auto-proxying)
2019-05-16 11:33:18.807  INFO 13932 --- [main] trationDelegate$BeanPostProcessorChecker : Bean 'relaxedDubboConfigBinder' of type [org.apache.dubbo.spring.boot.autoconfigure.BinderDubboConfigBinder] is not eligible for getting processed by all BeanPostProcessors (for example: not eligible for auto-proxying)
2019-05-16 11:33:18.808  INFO 13932 --- [main] trationDelegate$BeanPostProcessorChecker : Bean 'relaxedDubboConfigBinder' of type [org.apache.dubbo.spring.boot.autoconfigure.BinderDubboConfigBinder] is not eligible for getting processed by all BeanPostProcessors (for example: not eligible for auto-proxying)
2019-05-16 11:33:18.973  INFO 13932 --- [main] .f.a.DubboConfigBindingBeanPostProcessor : The properties of bean [name : dubbo-consumer] have been binding by prefix of configuration properties : dubbo.application
2019-05-16 11:33:18.980  INFO 13932 --- [main] .f.a.DubboConfigBindingBeanPostProcessor : The properties of bean [name : org.apache.dubbo.config.RegistryConfig#0] have been binding by prefix of configuration properties : dubbo.registry
2019-05-16 11:33:18.991  INFO 13932 --- [main] .f.a.DubboConfigBindingBeanPostProcessor : The properties of bean [name : org.apache.dubbo.config.ProtocolConfig#0] have been binding by prefix of configuration properties : dubbo.protocol
2019-05-16 11:33:19.025  INFO 13932 --- [main] c.l.d.provider.DubboProviderApplication  : Started DubboProviderApplication in 0.885 seconds (JVM running for 2.011)
2019-05-16 11:33:19.029  INFO 13932 --- [pool-1-thread-1] .b.c.e.AwaitingNonWebApplicationListener :  [Dubbo] Current Spring Boot Application is await...
2019-05-16 11:33:50.094  INFO 13932 --- [Thread-1] .b.c.e.AwaitingNonWebApplicationListener :  [Dubbo] Current Spring Boot Application is about to shutdown...
2019-05-16 11:33:50.100  INFO 13932 --- [Thread-1] f.a.ReferenceAnnotationBeanPostProcessor : class org.apache.dubbo.config.spring.beans.factory.annotation.ReferenceAnnotationBeanPostProcessor was destroying!
2019-05-16 11:34:28.493  INFO 2136 --- [main] d.s.b.c.e.WelcomeLogoApplicationListener : 

 :: Dubbo Spring Boot (v2.7.0) : https://github.com/apache/incubator-dubbo-spring-boot-project
 :: Dubbo (v2.7.0) : https://github.com/apache/incubator-dubbo
 :: Discuss group : dev@dubbo.apache.org

2019-05-16 11:34:28.497  INFO 2136 --- [main] e.OverrideDubboConfigApplicationListener : Dubbo Config was overridden by externalized configuration {dubbo.application.id=dubbo-provider, dubbo.application.name=dubbo-provider, dubbo.application.qos-enable=false, dubbo.config.multiple=true, dubbo.protocol.name=dubbo, dubbo.protocol.port=20880, dubbo.registry.address=zookeeper://127.0.0.1:2181, dubbo.scan.base-packages=com.laymat.dubbo.provider, dubbo.server=true}
2019-05-16 11:34:28.555  INFO 2136 --- [main] c.l.d.provider.DubboProviderApplication  : Starting DubboProviderApplication on DESKTOP-MISN0NE with PID 2136 (F:\ROOT_GIT\dubbo-template\dubbo-provider\target\classes started by dell in F:\ROOT_GIT\dubbo-template)
2019-05-16 11:34:28.556  INFO 2136 --- [main] c.l.d.provider.DubboProviderApplication  : The following profiles are active: default
2019-05-16 11:34:28.790  INFO 2136 --- [main] .a.d.c.s.c.a.DubboConfigBindingRegistrar : The dubbo config bean definition [name : dubbo-provider, class : org.apache.dubbo.config.ApplicationConfig] has been registered.
2019-05-16 11:34:28.792  INFO 2136 --- [main] .a.d.c.s.c.a.DubboConfigBindingRegistrar : The BeanPostProcessor bean definition [org.apache.dubbo.config.spring.beans.factory.annotation.DubboConfigBindingBeanPostProcessor] for dubbo config bean [name : dubbo-provider] has been registered.
2019-05-16 11:34:28.792  INFO 2136 --- [main] .a.d.c.s.c.a.DubboConfigBindingRegistrar : The dubbo config bean definition [name : org.apache.dubbo.config.RegistryConfig#0, class : org.apache.dubbo.config.RegistryConfig] has been registered.
2019-05-16 11:34:28.793  INFO 2136 --- [main] .a.d.c.s.c.a.DubboConfigBindingRegistrar : The BeanPostProcessor bean definition [org.apache.dubbo.config.spring.beans.factory.annotation.DubboConfigBindingBeanPostProcessor] for dubbo config bean [name : org.apache.dubbo.config.RegistryConfig#0] has been registered.
2019-05-16 11:34:28.793  INFO 2136 --- [main] .a.d.c.s.c.a.DubboConfigBindingRegistrar : The dubbo config bean definition [name : org.apache.dubbo.config.ProtocolConfig#0, class : org.apache.dubbo.config.ProtocolConfig] has been registered.
2019-05-16 11:34:28.793  INFO 2136 --- [main] .a.d.c.s.c.a.DubboConfigBindingRegistrar : The BeanPostProcessor bean definition [org.apache.dubbo.config.spring.beans.factory.annotation.DubboConfigBindingBeanPostProcessor] for dubbo config bean [name : org.apache.dubbo.config.ProtocolConfig#0] has been registered.
2019-05-16 11:34:28.815  INFO 2136 --- [main] o.s.c.a.ConfigurationClassPostProcessor  : Cannot enhance @Configuration bean definition 'org.apache.dubbo.spring.boot.autoconfigure.DubboRelaxedBinding2AutoConfiguration' since its singleton instance has been created too early. The typical cause is a non-static @Bean method with a BeanDefinitionRegistryPostProcessor return type: Consider declaring such methods as 'static'.
2019-05-16 11:34:28.816  INFO 2136 --- [main] o.s.c.a.ConfigurationClassPostProcessor  : Cannot enhance @Configuration bean definition 'org.apache.dubbo.spring.boot.autoconfigure.DubboAutoConfiguration' since its singleton instance has been created too early. The typical cause is a non-static @Bean method with a BeanDefinitionRegistryPostProcessor return type: Consider declaring such methods as 'static'.
2019-05-16 11:34:28.898  INFO 2136 --- [main] trationDelegate$BeanPostProcessorChecker : Bean 'relaxedDubboConfigBinder' of type [org.apache.dubbo.spring.boot.autoconfigure.BinderDubboConfigBinder] is not eligible for getting processed by all BeanPostProcessors (for example: not eligible for auto-proxying)
2019-05-16 11:34:28.899  INFO 2136 --- [main] trationDelegate$BeanPostProcessorChecker : Bean 'relaxedDubboConfigBinder' of type [org.apache.dubbo.spring.boot.autoconfigure.BinderDubboConfigBinder] is not eligible for getting processed by all BeanPostProcessors (for example: not eligible for auto-proxying)
2019-05-16 11:34:28.900  INFO 2136 --- [main] trationDelegate$BeanPostProcessorChecker : Bean 'relaxedDubboConfigBinder' of type [org.apache.dubbo.spring.boot.autoconfigure.BinderDubboConfigBinder] is not eligible for getting processed by all BeanPostProcessors (for example: not eligible for auto-proxying)
2019-05-16 11:34:29.064  INFO 2136 --- [main] .f.a.DubboConfigBindingBeanPostProcessor : The properties of bean [name : dubbo-provider] have been binding by prefix of configuration properties : dubbo.application
2019-05-16 11:34:29.072  INFO 2136 --- [main] .f.a.DubboConfigBindingBeanPostProcessor : The properties of bean [name : org.apache.dubbo.config.RegistryConfig#0] have been binding by prefix of configuration properties : dubbo.registry
2019-05-16 11:34:29.081  INFO 2136 --- [main] .f.a.DubboConfigBindingBeanPostProcessor : The properties of bean [name : org.apache.dubbo.config.ProtocolConfig#0] have been binding by prefix of configuration properties : dubbo.protocol
2019-05-16 11:34:29.248  INFO 2136 --- [main] o.a.c.f.imps.CuratorFrameworkImpl        : Starting
2019-05-16 11:34:29.254  INFO 2136 --- [main] org.apache.zookeeper.ZooKeeper           : Client environment:zookeeper.version=3.4.14-4c25d480e66aadd371de8bd2fd8da255ac140bcf, built on 03/06/2019 16:18 GMT
2019-05-16 11:34:29.254  INFO 2136 --- [main] org.apache.zookeeper.ZooKeeper           : Client environment:host.name=windows10.microdone.cn
2019-05-16 11:34:29.254  INFO 2136 --- [main] org.apache.zookeeper.ZooKeeper           : Client environment:java.version=12.0.1
2019-05-16 11:34:29.254  INFO 2136 --- [main] org.apache.zookeeper.ZooKeeper           : Client environment:java.vendor=Oracle Corporation
2019-05-16 11:34:29.254  INFO 2136 --- [main] org.apache.zookeeper.ZooKeeper           : Client environment:java.home=C:\Program Files\Java\jdk-12.0.1
2019-05-16 11:34:29.254  INFO 2136 --- [main] org.apache.zookeeper.ZooKeeper           : Client environment:java.class.path=F:\ROOT_GIT\dubbo-template\dubbo-provider\target\classes;E:\apache-maven-3.6.1-bin\apache-maven-3.6.1\conf\packet\org\springframework\boot\spring-boot-starter\2.1.5.RELEASE\spring-boot-starter-2.1.5.RELEASE.jar;E:\apache-maven-3.6.1-bin\apache-maven-3.6.1\conf\packet\org\springframework\boot\spring-boot\2.1.5.RELEASE\spring-boot-2.1.5.RELEASE.jar;E:\apache-maven-3.6.1-bin\apache-maven-3.6.1\conf\packet\org\springframework\spring-context\5.1.7.RELEASE\spring-context-5.1.7.RELEASE.jar;E:\apache-maven-3.6.1-bin\apache-maven-3.6.1\conf\packet\org\springframework\spring-aop\5.1.7.RELEASE\spring-aop-5.1.7.RELEASE.jar;E:\apache-maven-3.6.1-bin\apache-maven-3.6.1\conf\packet\org\springframework\spring-beans\5.1.7.RELEASE\spring-beans-5.1.7.RELEASE.jar;E:\apache-maven-3.6.1-bin\apache-maven-3.6.1\conf\packet\org\springframework\spring-expression\5.1.7.RELEASE\spring-expression-5.1.7.RELEASE.jar;E:\apache-maven-3.6.1-bin\apache-maven-3.6.1\conf\packet\org\springframework\boot\spring-boot-autoconfigure\2.1.5.RELEASE\spring-boot-autoconfigure-2.1.5.RELEASE.jar;E:\apache-maven-3.6.1-bin\apache-maven-3.6.1\conf\packet\org\springframework\boot\spring-boot-starter-logging\2.1.5.RELEASE\spring-boot-starter-logging-2.1.5.RELEASE.jar;E:\apache-maven-3.6.1-bin\apache-maven-3.6.1\conf\packet\ch\qos\logback\logback-classic\1.2.3\logback-classic-1.2.3.jar;E:\apache-maven-3.6.1-bin\apache-maven-3.6.1\conf\packet\ch\qos\logback\logback-core\1.2.3\logback-core-1.2.3.jar;E:\apache-maven-3.6.1-bin\apache-maven-3.6.1\conf\packet\org\apache\logging\log4j\log4j-to-slf4j\2.11.2\log4j-to-slf4j-2.11.2.jar;E:\apache-maven-3.6.1-bin\apache-maven-3.6.1\conf\packet\org\apache\logging\log4j\log4j-api\2.11.2\log4j-api-2.11.2.jar;E:\apache-maven-3.6.1-bin\apache-maven-3.6.1\conf\packet\org\slf4j\jul-to-slf4j\1.7.26\jul-to-slf4j-1.7.26.jar;E:\apache-maven-3.6.1-bin\apache-maven-3.6.1\conf\packet\javax\annotation\javax.annotation-api\1.3.2\javax.annotation-api-1.3.2.jar;E:\apache-maven-3.6.1-bin\apache-maven-3.6.1\conf\packet\org\springframework\spring-core\5.1.7.RELEASE\spring-core-5.1.7.RELEASE.jar;E:\apache-maven-3.6.1-bin\apache-maven-3.6.1\conf\packet\org\springframework\spring-jcl\5.1.7.RELEASE\spring-jcl-5.1.7.RELEASE.jar;E:\apache-maven-3.6.1-bin\apache-maven-3.6.1\conf\packet\org\yaml\snakeyaml\1.23\snakeyaml-1.23.jar;E:\apache-maven-3.6.1-bin\apache-maven-3.6.1\conf\packet\org\apache\dubbo\dubbo-spring-boot-starter\2.7.0\dubbo-spring-boot-starter-2.7.0.jar;E:\apache-maven-3.6.1-bin\apache-maven-3.6.1\conf\packet\org\apache\dubbo\dubbo-spring-boot-autoconfigure\2.7.0\dubbo-spring-boot-autoconfigure-2.7.0.jar;E:\apache-maven-3.6.1-bin\apache-maven-3.6.1\conf\packet\org\apache\dubbo\dubbo-spring-boot-autoconfigure-compatible\2.7.0\dubbo-spring-boot-autoconfigure-compatible-2.7.0.jar;E:\apache-maven-3.6.1-bin\apache-maven-3.6.1\conf\packet\org\apache\curator\curator-recipes\2.13.0\curator-recipes-2.13.0.jar;E:\apache-maven-3.6.1-bin\apache-maven-3.6.1\conf\packet\org\apache\curator\curator-framework\2.13.0\curator-framework-2.13.0.jar;E:\apache-maven-3.6.1-bin\apache-maven-3.6.1\conf\packet\org\apache\curator\curator-client\2.13.0\curator-client-2.13.0.jar;E:\apache-maven-3.6.1-bin\apache-maven-3.6.1\conf\packet\com\google\guava\guava\16.0.1\guava-16.0.1.jar;E:\apache-maven-3.6.1-bin\apache-maven-3.6.1\conf\packet\org\apache\zookeeper\zookeeper\3.4.14\zookeeper-3.4.14.jar;E:\apache-maven-3.6.1-bin\apache-maven-3.6.1\conf\packet\org\slf4j\slf4j-api\1.7.26\slf4j-api-1.7.26.jar;E:\apache-maven-3.6.1-bin\apache-maven-3.6.1\conf\packet\org\slf4j\slf4j-log4j12\1.7.26\slf4j-log4j12-1.7.26.jar;E:\apache-maven-3.6.1-bin\apache-maven-3.6.1\conf\packet\com\github\spotbugs\spotbugs-annotations\3.1.9\spotbugs-annotations-3.1.9.jar;E:\apache-maven-3.6.1-bin\apache-maven-3.6.1\conf\packet\com\google\code\findbugs\jsr305\3.0.2\jsr305-3.0.2.jar;E:\apache-maven-3.6.1-bin\apache-maven-3.6.1\conf\packet\log4j\log4j\1.2.17\log4j-1.2.17.jar;E:\apache-maven-3.6.1-bin\apache-maven-3.6.1\conf\packet\jline\jline\0.9.94\jline-0.9.94.jar;E:\apache-maven-3.6.1-bin\apache-maven-3.6.1\conf\packet\org\apache\yetus\audience-annotations\0.5.0\audience-annotations-0.5.0.jar;E:\apache-maven-3.6.1-bin\apache-maven-3.6.1\conf\packet\io\netty\netty\3.10.6.Final\netty-3.10.6.Final.jar;E:\apache-maven-3.6.1-bin\apache-maven-3.6.1\conf\packet\org\apache\dubbo\dubbo\2.7.0\dubbo-2.7.0.jar;E:\apache-maven-3.6.1-bin\apache-maven-3.6.1\conf\packet\org\javassist\javassist\3.20.0-GA\javassist-3.20.0-GA.jar;E:\apache-maven-3.6.1-bin\apache-maven-3.6.1\conf\packet\io\netty\netty-all\4.1.36.Final\netty-all-4.1.36.Final.jar;E:\apache-maven-3.6.1-bin\apache-maven-3.6.1\conf\packet\com\google\code\gson\gson\2.8.5\gson-2.8.5.jar;F:\ROOT_GIT\dubbo-template\api-framework\target\classes;C:\Program Files\JetBrains\IntelliJ IDEA 2019.1.1\lib\idea_rt.jar
2019-05-16 11:34:29.254  INFO 2136 --- [main] org.apache.zookeeper.ZooKeeper           : Client environment:java.library.path=C:\Program Files\Java\jdk-12.0.1\bin;C:\Windows\Sun\Java\bin;C:\Windows\system32;C:\Windows;C:\Program Files (x86)\Intel\Intel(R) Management Engine Components\iCLS\;C:\Program Files\Intel\Intel(R) Management Engine Components\iCLS\;C:\Windows\system32;C:\Windows;C:\Windows\System32\Wbem;C:\Windows\System32\WindowsPowerShell\v1.0\;C:\Windows\System32\OpenSSH\;C:\Program Files (x86)\Intel\Intel(R) Management Engine Components\DAL;C:\Program Files\Intel\Intel(R) Management Engine Components\DAL;C:\Program Files (x86)\Intel\Intel(R) Management Engine Components\IPT;C:\Program Files\Intel\Intel(R) Management Engine Components\IPT;C:\Program Files (x86)\NVIDIA Corporation\PhysX\Common;C:\Program Files\Java\jdk-12.0.1\bin;C:\Program Files\Git\cmd;E:\apache-maven-3.6.1-bin\apache-maven-3.6.1\bin;C:\Users\dell\AppData\Local\Microsoft\WindowsApps;;C:\Program Files\JetBrains\IntelliJ IDEA 2019.1.1\bin;;C:\Program Files\JetBrains\WebStorm 2019.1.1\bin;;.
2019-05-16 11:34:29.254  INFO 2136 --- [main] org.apache.zookeeper.ZooKeeper           : Client environment:java.io.tmpdir=C:\Users\dell\AppData\Local\Temp\
2019-05-16 11:34:29.254  INFO 2136 --- [main] org.apache.zookeeper.ZooKeeper           : Client environment:java.compiler=<NA>
2019-05-16 11:34:29.254  INFO 2136 --- [main] org.apache.zookeeper.ZooKeeper           : Client environment:os.name=Windows 10
2019-05-16 11:34:29.254  INFO 2136 --- [main] org.apache.zookeeper.ZooKeeper           : Client environment:os.arch=amd64
2019-05-16 11:34:29.254  INFO 2136 --- [main] org.apache.zookeeper.ZooKeeper           : Client environment:os.version=10.0
2019-05-16 11:34:29.255  INFO 2136 --- [main] org.apache.zookeeper.ZooKeeper           : Client environment:user.name=dell
2019-05-16 11:34:29.255  INFO 2136 --- [main] org.apache.zookeeper.ZooKeeper           : Client environment:user.home=C:\Users\dell
2019-05-16 11:34:29.255  INFO 2136 --- [main] org.apache.zookeeper.ZooKeeper           : Client environment:user.dir=F:\ROOT_GIT\dubbo-template
2019-05-16 11:34:29.255  INFO 2136 --- [main] org.apache.zookeeper.ZooKeeper           : Initiating client connection, connectString=127.0.0.1:2181 sessionTimeout=60000 watcher=org.apache.curator.ConnectionState@70f822e
2019-05-16 11:34:29.277  INFO 2136 --- [main-SendThread(activate.navicat.com:2181)] org.apache.zookeeper.ClientCnxn          : Opening socket connection to server activate.navicat.com/127.0.0.1:2181. Will not attempt to authenticate using SASL (unknown error)
2019-05-16 11:34:29.281  INFO 2136 --- [main-SendThread(activate.navicat.com:2181)] org.apache.zookeeper.ClientCnxn          : Socket connection established to activate.navicat.com/127.0.0.1:2181, initiating session
2019-05-16 11:34:29.313  INFO 2136 --- [main-SendThread(activate.navicat.com:2181)] org.apache.zookeeper.ClientCnxn          : Session establishment complete on server activate.navicat.com/127.0.0.1:2181, sessionid = 0x100008b1899003c, negotiated timeout = 40000
2019-05-16 11:34:29.323  INFO 2136 --- [main-EventThread] o.a.c.f.state.ConnectionStateManager     : State change: CONNECTED
2019-05-16 11:34:29.748  INFO 2136 --- [main] o.a.c.f.imps.CuratorFrameworkImpl        : Starting
2019-05-16 11:34:29.749  INFO 2136 --- [main] org.apache.zookeeper.ZooKeeper           : Initiating client connection, connectString=127.0.0.1:2181 sessionTimeout=60000 watcher=org.apache.curator.ConnectionState@43bf5397
2019-05-16 11:34:29.751  INFO 2136 --- [main-SendThread(activate.navicat.com:2181)] org.apache.zookeeper.ClientCnxn          : Opening socket connection to server activate.navicat.com/127.0.0.1:2181. Will not attempt to authenticate using SASL (unknown error)
2019-05-16 11:34:29.752  INFO 2136 --- [main-SendThread(activate.navicat.com:2181)] org.apache.zookeeper.ClientCnxn          : Socket connection established to activate.navicat.com/127.0.0.1:2181, initiating session
2019-05-16 11:34:29.775  INFO 2136 --- [main-SendThread(activate.navicat.com:2181)] org.apache.zookeeper.ClientCnxn          : Session establishment complete on server activate.navicat.com/127.0.0.1:2181, sessionid = 0x100008b1899003d, negotiated timeout = 40000
2019-05-16 11:34:29.775  INFO 2136 --- [main-EventThread] o.a.c.f.state.ConnectionStateManager     : State change: CONNECTED
2019-05-16 11:34:29.883  INFO 2136 --- [main] c.l.d.provider.DubboProviderApplication  : Started DubboProviderApplication in 1.65 seconds (JVM running for 2.565)
2019-05-16 11:34:29.887  INFO 2136 --- [pool-1-thread-1] .b.c.e.AwaitingNonWebApplicationListener :  [Dubbo] Current Spring Boot Application is await...
